<?xml version="1.0" encoding="UTF-8"?>
<!-- Generated by org.testng.reporters.JUnitReportReporter -->
<testsuite skipped="0" hostname="DESKTOP-9KCACBA" name="org.apache.maven.rest.RestTest" tests="1" failures="0" timestamp="12 Nov 2019 02:03:35 GMT" time="26.335" errors="0">
  <testcase name="restGenSrvTest" time="26.335" classname="org.apache.maven.rest.RestTest"/>
</testsuite> <!-- org.apache.maven.rest.RestTest -->
